[13-10-2012 03:19:32 http] :==================== START ====================: 
[13-10-2012 03:19:32 http] Loader: Configured Error Exception/Handler mode
[13-10-2012 03:19:32 http] Loader: Loading app instance
[13-10-2012 03:19:32 http] app::instance: Start
[13-10-2012 03:19:32 http] app::instance: Loaded "config" object
[13-10-2012 03:19:32 http] app::instance: Loaded "log" object
[13-10-2012 03:19:32 http] app::instance: Running in HTTP mode
[13-10-2012 03:19:32 http] app::instance: Cleaning $GLOBALS
[13-10-2012 03:19:32 http] app::instance: Cleaning URL
[13-10-2012 03:19:32 http] url_lib->init: Start with query string - ""
[13-10-2012 03:19:32 http] url_lib->init: Set language prefix from client browser - "en"
[13-10-2012 03:19:32 http] url_lib->init: Set id_addon - "test" by default 
[13-10-2012 03:19:32 http] url_lib->init: Set action - "index" by default 
[13-10-2012 03:19:32 http] url_lib->init: Set template - "test.index" 
[13-10-2012 03:19:32 http] url_lib->init: Params not detected 
[13-10-2012 03:19:32 http] url_lib->init: End with base url - "/tokernel/" 
[13-10-2012 06:19:32 http] app::instance: Loaded "language" object
[13-10-2012 06:19:32 http] app::instance: Configured Error Exception/Handler data
[13-10-2012 06:19:32 http] app::instance: End
[13-10-2012 06:19:32 http] app->run: Start
[13-10-2012 06:19:32 http] app->run: Loaded "hooks" object
[13-10-2012 06:19:32 http] app->run: Running application hooks (before)
[13-10-2012 06:19:32 http] app->run: Running HTTP hooks (before)
[13-10-2012 06:19:32 http] addons_lib->load: "test" from framework path  with params - ""
[13-10-2012 06:19:32 http] app->run: Call addon's action - "test->action_index"
[13-10-2012 06:19:32 http] test_addon->load_module: "breadcrumbs" from framework path with params - ""
[13-10-2012 06:19:32 http] test_addon->load_view: "test" from framework path with params - ""
[13-10-2012 06:19:32 http] view->run: End for addon/module - "test". File - "test.view.php".
[13-10-2012 06:19:32 http] test_addon->load_template: Start "test.index"
[13-10-2012 06:19:32 http] test_addon->load_template: End with size: - 350 bytes.
[13-10-2012 06:19:32 http] template_lib->interpret: Start
[13-10-2012 06:19:32 http] template_lib->interpret: Appending (main) addon result of __THIS__ test->index() .
[13-10-2012 06:19:32 http] template_lib->interpret: End with running - 0 widgets.
[13-10-2012 06:19:32 http] app->output: Running hooks before output
[13-10-2012 06:19:32 http] app->output: Output compressed content
[13-10-2012 06:19:32 http] app->output: Running hooks after output
[13-10-2012 06:19:32 http] app->run: Running HTTP hooks (after)
[13-10-2012 06:19:32 http] app->run: Running application hooks (after)
[13-10-2012 06:19:32 http] app->run: End
[13-10-2012 06:19:32 http] Loader: Runtime duration: 0.107 seconds
[13-10-2012 06:19:32 http] :===================== END =====================: 
[13-10-2012 03:19:32 http] :==================== START ====================: 
[13-10-2012 03:19:32 http] Loader: Configured Error Exception/Handler mode
[13-10-2012 03:19:32 http] Loader: Loading app instance
[13-10-2012 03:19:32 http] app::instance: Start
[13-10-2012 03:19:32 http] app::instance: Loaded "config" object
[13-10-2012 03:19:32 http] app::instance: Loaded "log" object
[13-10-2012 03:19:32 http] app::instance: Running in HTTP mode
[13-10-2012 03:19:32 http] app::instance: Cleaning $GLOBALS
[13-10-2012 03:19:32 http] app::instance: Cleaning URL
[13-10-2012 03:19:32 http] url_lib->init: Start with query string - "tokernel_params=en/test/photo/pic/yerevan.jpg/w/200/h/200/q/100/c/50:50/o/50/"
[13-10-2012 03:19:32 http] url_lib->init: Detected language prefix - "en" 
[13-10-2012 03:19:32 http] url_lib->set_aliasing: Aliasing by word "test" not detected
[13-10-2012 03:19:32 http] url_lib->init: Detected id_addon - "test" 
[13-10-2012 03:19:32 http] url_lib->init: Detected action - "photo" 
[13-10-2012 03:19:32 http] url_lib->init: Set template - "test.photo" 
[13-10-2012 03:19:32 http] url_lib->init: Detected params - "pic/yerevan.jpg/w/200/h/200/q/100/c/50:50/o/50/" 
[13-10-2012 03:19:32 http] url_lib->init: End with base url - "/tokernel/" 
[13-10-2012 06:19:32 http] app::instance: Loaded "language" object
[13-10-2012 06:19:32 http] app::instance: Configured Error Exception/Handler data
[13-10-2012 06:19:32 http] app::instance: End
[13-10-2012 06:19:32 http] app->run: Start
[13-10-2012 06:19:32 http] app->run: Loaded "hooks" object
[13-10-2012 06:19:32 http] app->run: Running application hooks (before)
[13-10-2012 06:19:32 http] app->run: Running HTTP hooks (before)
[13-10-2012 06:19:32 http] addons_lib->load: "test" from framework path  with params - ""
[13-10-2012 06:19:32 http] app->run: Call addon's action - "test->action_photo"
[13-10-2012 06:19:33 http] :============= HALTED WITH ERROR ! =============: 
